1 0.0003125289949821308 3.55039956048131e-05
11 0.0026092010011780076 0.0012880419963039458
21 0.006275747997278813 0.005227802001172677
31 0.012342898000497371 0.009763690002728254
41 0.017822437002905644 0.017831893004768062
51 0.022761367006751243 0.026610626999172382
61 0.026847424000152387 0.03753703599795699
71 0.03237285400246037 0.056298896997759584
81 0.036430464999284595 0.06841251299920259
91 0.05629224899894325 0.10393037000176264
101 0.056834880997485016 0.09439995499997167
111 0.07104947899642866 0.13770605599711416
121 0.14692476500204066 0.24087301100371405
131 0.08209162099956302 0.2742332530033309
141 0.10921079399849987 0.32290228700003354
151 0.11035049399652053 0.3090351999999257
161 0.10881697599688778 0.31537064999429276
171 0.12098805300047388 0.330795688998478
181 0.14792095000302652 0.34863897699688096
191 0.16216099099983694 0.42963240000244696
201 0.14347690800059354 0.5436247580000781
211 0.1639299349990324 0.5203161870012991
221 0.1819065000017872 0.5487290009987191
231 0.15877002199704293 0.6274100619993987
241 0.17732977400009986 0.6470315049955389
251 0.1894803149989457 0.6872716739962925
261 0.22662473899981705 0.70427891700092
271 0.2813351099975989 0.6802004839992151
281 0.2709204150014557 0.9570641109967255
291 0.27292550900165224 0.9412879849987803
301 0.2906944350033882 0.8560762849956518
311 0.31558480999956373 0.9184504579970962
321 0.33450671000173315 1.0868275590037229
331 0.33177628600242315 1.0301084630045807
341 0.3785107639996568 1.7003002149940585
351 0.4038017009952455 1.3994582530067419
361 0.3785373030041228 1.4099456360054319
371 0.37533244399674004 1.2567387389935902
381 0.3928992460059817 1.5635904600057984
391 0.4202782400025171 1.65925686799892
401 0.4429842160025146 1.5807187799946405
411 0.42511286399530945 1.8428757610017783
421 0.44102381900302134 1.6299173170045833
431 0.46907419899798697 1.7461668789983378
441 0.4749952519996441 1.7356444600009127
451 0.5146470760009834 1.8864129700014018
461 0.4967323250020854 2.222636077000061
471 0.5503827840002486 2.4030093850014964
481 0.5063867309945635 2.5153812259959523
491 0.5253628740028944 2.260100366002007
501 0.5819546679995256 2.362466703998507
511 0.550520762000815 2.644185165001545
521 0.5790028730043559 2.6630423980022897
531 0.6510803010023665 2.72274637400551
541 0.7065697689977242 2.9571093389968155
551 0.6482932810031343 3.5181224240004667
561 0.9558033130015247 3.6566783290036255
571 0.6925313280007686 2.9054254069997114
581 0.7443065230036154 3.877360950995353
591 0.8766363370014005 3.8313637639948865
601 0.7253776380021009 3.128047312005947
611 0.7637118749989895 4.015505972995015
621 0.7198215200041886 3.8738927449958283
631 0.7291378039953997 3.767251967001357
641 0.7681589290004922 4.51864182799909
651 0.8412137580016861 4.364186694998352
661 0.893044460004603 4.834458638004435
671 1.0588971140023204 5.594109652003681
681 1.0230158940030378 5.017143511999166
691 0.9811360070016235 4.663502543000504
701 0.8925359019995085 4.799881862003531
711 0.9455414539988851 5.671502359000442
721 0.894143814999552 5.925316177002969
731 1.0639897110013408 6.868388609000249
741 1.1521402569997008 5.40070081599697
751 0.9855710999981966 5.529921515000751
761 1.0330124950050958 6.072581747001095
771 1.2831433350002044 7.260434679003083
781 1.1407892950010137 5.892917279001267
791 1.0959555200024624 6.277268535995972
801 1.1613549360045 7.594624069999554
811 1.12081513999874 6.18175980700471
821 1.155558259000827 7.829468643998553
831 1.1426387899991823 6.295530379000411
841 1.2648460920026992 6.850706147000892
851 1.0869958410039544 8.318410414998652
861 1.1820909989983193 7.289737267004966
871 1.1641618239955278 7.240367509999487
881 1.1988472160010133 6.833621185003722
891 1.1763721180032007 8.273186102996988
901 1.1724748780034133 7.439230420997774
911 1.1484054760003346 7.849242511001648
921 1.7010698759986553 8.333973129003425
931 1.5442057000036584 11.019941172999097
941 1.8937206890041125 8.163702613004716
951 1.326934908000112 9.867951285996241
961 1.5392242170055397 10.85499199199694
971 1.4419775520000258 11.624161824998737
981 1.4491472440058715 10.955999500998587
991 1.5377781200004392 9.928763514995808
