1 0.0007099290087353438 0.00019166700076311827
21 0.020924416996422224 0.00942153501091525
41 0.036657443997683004 0.019476750007015653
61 0.05410657299216837 0.016338158005964942
81 0.06826456398994196 0.023690261994488537
101 0.07553292698867153 0.028433532002964057
121 0.09110098700330127 0.06807388699962758
141 0.13757167899166234 0.040124531005858444
161 0.10705322099965997 0.04775247799989302
181 0.11484002300130669 0.049398531002225354
201 0.12121990601008292 0.05935202800901607
221 0.13112194300629199 0.06085169700963888
241 0.1467489009955898 0.06943972599401604
261 0.14095022100082133 0.06770686400705017
281 0.1444154759956291 0.07073871001193766
301 0.15715130799799226 0.07608541499939747
321 0.15105442400090396 0.07689254199794959
341 0.1573498719953932 0.08788774600543547
361 0.1676896860008128 0.10564796600374393
381 0.1638776610052446 0.09819319400412496
401 0.19718626099347603 0.10296221800672356
421 0.1790235860098619 0.09983515199564863
441 0.18175917900225613 0.106632222988992
461 0.1811206059937831 0.10096041699580383
481 0.18453867798962165 0.10619619500357658
501 0.18653208299656399 0.10830382100539282
521 0.18504349200520664 0.10818932199617848
541 0.20473348601080943 0.13421046400617342
561 0.19471181300468743 0.11334067001007497
581 0.22175185900414363 0.11510476999683306
601 0.20200188699527644 0.12527569400845096
621 0.21826213000167627 0.12777773699781392
641 0.215875858993968 0.12461997799982782
661 0.21785744500812143 0.14142369400360622
681 0.21748340700287372 0.13676941899757367
701 0.23730820300988853 0.15626418999454472
721 0.22801882200292312 0.13546086399583146
741 0.23551267599395942 0.16522926099423785
761 0.2269704450009158 0.15251935900596436
781 0.23893289499392267 0.14882816199678928
801 0.22603507500025444 0.14050512900575995
821 0.25189833500189707 0.15379141599987634
841 0.24334692799311597 0.15319536499737296
861 0.2571293929941021 0.15993164500105195
881 0.24809984299645294 0.15286044801177923
901 0.2718430579989217 0.1602390220068628
921 0.2700806720094988 0.15517385299608577
941 0.2644152229913743 0.16391680599190295
961 0.2811622629960766 0.16921156899479683
981 0.2556684269948164 0.16961624700343236
1001 0.26368743799685035 0.19019978199503385
1021 0.27866874799656216 0.16471378500864375
1041 0.27499815900227986 0.1576642459986033
1061 0.27980737401230726 0.18606074899435043
1081 0.2727490660035983 0.19871262299420778
1101 0.28520820300036576 0.1980122380045941
1121 0.27880098699824885 0.18632339499890804
1141 0.28382693699677475 0.19804311500047334
1161 0.28846159800013993 0.21404380298918113
1181 0.2810860759927891 0.1920098870032234
1201 0.2769324149994645 0.2053024790075142
1221 0.29527516099915374 0.21281916099542286
1241 0.30386257299687713 0.20939789700787514
1261 0.30388223100453615 0.21150100100203417
1281 0.3142692999972496 0.2026856469892664
1301 0.32612388901179656 0.20358002099965233
1321 0.28681273899564985 0.21283047199540306
1341 0.31169784799567424 0.22190029099874664
1361 0.3062004499952309 0.22384752200741787
1381 0.3080978090001736 0.24017265299335122
1401 0.3301856409962056 0.24615805700886995
1421 0.3096566560125211 0.23749839399533812
1441 0.33060566800122615 0.23932828000397421
1461 0.3130587210034719 0.23370264300319832
1481 0.3213968400086742 0.24498604200198315
1501 0.32960259199899156 0.2511357839975972
1521 0.33242547999543604 0.2427300400013337
1541 0.3228732540010242 0.24633529099810403
1561 0.33698767800524365 0.2275367410038598
1581 0.3205995059979614 0.2526260659942636
1601 0.376894450004329 0.23886849600239657
1621 0.3500015129975509 0.23253450899210293
1641 0.3557223390089348 0.2425697620055871
1661 0.35436083799868356 0.3061043769994285
1681 0.3442615329986438 0.25012208000407554
1701 0.3459971100091934 0.2588896359957289
1721 0.3435198249935638 0.2792661700077588
1741 0.34955676799290814 0.27592601800279226
1761 0.3560719699889887 0.2521605969959637
1781 0.35279985099623445 0.2720619669998996
1801 0.3620206280029379 0.27658617099223193
1821 0.37345975899370387 0.2949219200090738
1841 0.36050250800326467 0.2591880130057689
1861 0.34701180999400094 0.2975079619936878
1881 0.39411497800028883 0.2564584600040689
1901 0.3885443689941894 0.2849620920023881
1921 0.3504523510055151 0.34698808699613437
1941 0.3791253310046159 0.3006170129956445
1961 0.3807662699982757 0.28645291599968914
1981 0.377609492992633 0.32180173200322315
2001 0.3894384570012335 0.30774794198805466
2021 0.38038858100480866 0.2962793509941548
2041 0.40402478599571623 0.33447820399305783
2061 0.3818058479955653 0.3286314690049039
2081 0.357381556998007 0.3995575139997527
2101 0.3790317629900528 0.3193324549938552
2121 0.6061307339987252 0.31288778099406045
2141 0.38151013999595307 0.3346319589909399
2161 0.3968170449952595 0.33315230200241785
2181 0.39951677700446453 0.3148529860045528
2201 0.4339667210006155 0.3136509920004755
2221 0.3980879559967434 0.2897691090038279
2241 0.3646904490015004 0.2945650170004228
2261 0.40935836601420306 0.31632990400248673
2281 0.39011012300034054 0.3224170320027042
2301 0.3901355519919889 0.3277237820002483
2321 0.42218206499819644 0.38998385600280017
2341 0.43507430801400915 0.3560865229956107
2361 0.4445525579940295 0.3310728479991667
2381 0.4215974370017648 0.38252772799751256
2401 0.4527858959918376 0.34661956199852284
2421 0.4203223259974038 0.3892300480074482
2441 0.45540899600018747 0.38616540499788243
2461 0.4279543340089731 0.40580794800189324
2481 0.4563715339900227 0.33195217000320554
2501 0.4150793570006499 0.3981152850028593
2521 0.4001628820115002 0.3118949089985108
2541 0.4508858900080668 0.3163365869986592
2561 0.4448264700040454 0.3751768640067894
2581 0.3975043810060015 0.35005405299307313
2601 0.413805586998933 0.38196622900431976
2621 0.43659992099856026 0.34257718999288045
2641 0.4275181819975842 0.3704576059972169
2661 0.4497991899988847 0.3681485349952709
2681 0.4136670919979224 0.3965230689937016
2701 0.46954445001028944 0.37339484300173353
2721 0.42810510299750604 0.3759597229945939
2741 0.498761109993211 0.42723318899516016
2761 0.4558713029982755 0.3962072709982749
2781 0.46574790601152927 0.3971490480034845
2801 0.4895077060064068 0.36399367499689106
2821 0.4582901079993462 0.32889205099490937
2841 0.4682572669989895 0.36905863000720274
2861 0.49266392800200265 0.38514995999867097
2881 0.5256349300034344 0.39875225399737246
2901 0.4540694619936403 0.42055760200310033
2921 0.4943745409982512 0.3897236269986024
2941 0.4670401189941913 0.44813072800752707
2961 0.45688440300000366 0.4216639559890609
2981 0.48237902199616656 0.4778734709980199
3001 0.44590497300669085 0.4259458580054343
3021 0.4410556410002755 0.3837308249931084
3041 0.4512826110003516 0.3703542470029788
3061 0.4361956439970527 0.38033481599995866
3081 0.45140180399175733 0.4312889809953049
3101 0.4675690879957983 0.3944083980022697
3121 0.5207912360056071 0.42864899699634407
3141 0.4917333160119597 0.42945773400424514
3161 0.5005634109984385 0.3675079830136383
3181 0.47557879400847014 0.39401688700309023
3201 0.5322381810110528 0.4246163180068834
3221 0.4945913100091275 0.4637062120018527
3241 0.4842005039972719 0.36326731799636036
3261 0.4945419900031993 0.42750759700720664
3281 0.5108376899879659 0.44561348999559414
3301 0.5474308129923884 0.5150769320025574
3321 0.47495172900380567 0.46457088699389715
3341 0.45381149899913 0.4667411330010509
3361 0.5160259300027974 0.40480629599187523
3381 0.5036533469974529 0.5190723440027796
3401 0.4982697600062238 0.4329543060011929
3421 0.5081475249899086 0.48629820499627385
3441 0.49974196900438983 0.4610811449965695
3461 0.4893488770030672 0.4276779210049426
3481 0.4989753279951401 0.4688703389983857
3501 0.6251223050057888 0.49528581199410837
3521 0.6854691749904305 0.5703904020047048
3541 0.5487703929975396 0.5103113679942908
3561 0.5378365109936567 0.45419594801205676
3581 0.5402932819997659 0.4737978659977671
3601 0.5223820810060715 0.5306262730009621
3621 0.6035933230014052 0.5484507840010338
3641 0.5340304900018964 0.5559930349991191
3661 0.5173403240041807 0.5537394359998871
3681 0.48612274100014474 0.495632360005402
3701 0.5021483330056071 0.41876159798994195
3721 0.525350833995617 0.4776329570013331
3741 0.567257132002851 0.5631373139913194
3761 0.5199111309921136 0.6534322299994528
3781 0.534521727997344 0.4789952010032721
3801 0.5473684710013913 0.5580188669991912
3821 0.5399459970067255 0.6468242510018172
3841 0.5418703839968657 0.5679771330032963
3861 0.5306884159945184 0.49206475300888997
3881 0.5436957339989021 0.5537602190015605
3901 0.5097569210047368 0.528177037005662
3921 0.5752234160027001 0.4611151170101948
3941 0.5221425610070582 0.5701806139986729
3961 0.5899154609942343 0.5542120220052311
3981 0.5655453780054813 0.5467186140012927
4001 0.6229872919939226 0.47610194599837996
4021 0.5807535130006727 0.4986803360079648
4041 0.49911117399460636 0.5094197300059022
4061 0.5835552570060827 0.5981866149959387
4081 0.5302327849931316 0.5665099710022332
4101 0.5555938350007636 0.6004808929865249
4121 0.5263923649908975 0.5850050550070591
4141 0.5450561259931419 0.648198119000881
4161 0.632104235002771 0.5329789239913225
4181 0.5959780869889073 0.5237859839980956
4201 0.5505605910002487 0.5525167080049869
4221 0.6786834209924564 0.5026870740111917
4241 0.5765461410046555 0.5470791240077233
4261 0.56162393699924 0.5588713530014502
4281 0.6154602430033265 0.5852409689978231
4301 0.5966305690089939 0.4968180720024975
4321 0.6335335389885586 0.5042137050040765
4341 0.6944662430032622 0.6741768540086923
4361 0.5947736330126645 0.6645235890027834
4381 0.5531970070005627 0.6479456450033467
4401 0.6120548239996424 0.6071210529917153
4421 0.6042241380055202 0.5585437830013689
4441 0.6132231119991047 0.6109394509985577
4461 0.6422432110121008 0.5478545030055102
4481 0.5545866269967519 0.5577602640114492
4501 0.5617703919997439 0.6153279400023166
4521 0.5301961949880933 0.6588108040014049
4541 0.5440786980034318 0.6038530460064067
4561 0.5913448689971119 0.5403202720044646
4581 0.5484142990026157 0.6769854629965266
4601 0.603082027999335 0.5356172360043274
4621 0.6532660869997926 0.6744357089919504
4641 0.5549751119979192 0.5820750200073235
4661 0.68074774100387 0.6715452750067925
4681 0.5986193209973862 0.4725255439989269
4701 0.617332437002915 0.5157889690017328
4721 0.6407722869917052 0.6423335440049414
4741 0.6006763289915398 0.6696683829941321
4761 0.5901702080009272 0.5759694860025775
4781 0.5993797300034203 0.6367415339918807
4801 0.5526642830081983 0.588319408998359
4821 0.6178844370006118 0.6380692200036719
4841 0.6428250239987392 0.7875950559973717
4861 0.5816632850037422 0.6872056129941484
4881 0.6300865560042439 0.5872089229960693
4901 0.6244214250036748 0.5707704050000757
4921 0.6422632829926442 0.7247539990057703
4941 0.6242828120011836 0.7600005629938096
4961 0.6277639250038192 0.7766998359875288
4981 0.5608914339973126 0.7661526479932945
5001 0.701272047997918 0.7144168759987224
5021 0.6279824359953636 0.6585877309989883
5041 0.6546699530008482 0.6390954840026097
5061 0.6586212360125501 0.6066558049933519
5081 0.6955685029970482 0.6569983740046155
5101 0.6224639029969694 0.7710250519885449
5121 0.6469688590004807 0.5806482970074285
5141 0.6145615249988623 0.8466250160126947
5161 0.6727126659970963 0.8395521769998595
5181 0.6562265389948152 0.805747151011019
5201 0.583094079993316 0.5493276750057703
5221 0.6917743100057123 0.5993298949906603
5241 0.6928388810047181 0.5389730440074345
5261 0.7721889100066619 0.7317790810047882
5281 0.6095135770010529 0.8174295109929517
5301 0.6958478790038498 0.46831055599614047
5321 0.6462199329980649 0.563626834002207
5341 0.6842102969967527 0.7082486650033388
5361 0.7920219910010928 0.7743041640060255
5381 0.6387145490007242 0.7071891089872224
5401 0.6427858749957522 0.596466472998145
5421 0.6718626090005273 0.6406021290022181
5441 0.6870116909994977 0.6242801499902271
5461 0.6180356169934385 0.5530716039938852
5481 0.6658630340098171 0.7273676619952312
5501 0.7769839179964038 0.7973771640099585
5521 0.6735697690019151 0.5446158029953949
5541 0.6980422500055283 0.6232522670034086
5561 0.6202365409990307 0.7521766089921584
5581 0.690506220998941 0.6581536279991269
5601 0.6310758939944208 0.7175096270075301
5621 0.6880775949975941 0.7574172290042043
5641 0.6233428300038213 0.7499810100125615
5661 0.6254823900089832 0.4684270319994539
5681 0.6822664320061449 0.8206046379928011
5701 0.6779192219983088 0.6365818610065617
5721 0.6884817459940678 0.8500614340009633
5741 0.7419979359983699 0.7593914289900567
5761 0.7248982669989346 0.8082550359977176
5781 0.6543382359959651 0.7327094170032069
5801 0.7080434419913217 0.721481885004323
5821 0.7747947669995483 0.703192165994551
5841 0.7010744899889687 0.7991068010014715
5861 0.6662839179916773 0.9500514279934578
5881 0.7134719140012749 0.8277282019989798
5901 0.653656498005148 0.6671666180045577
5921 0.7180203559983056 0.860677663993556
5941 0.6823666489945026 0.7362088220106671
5961 0.706545252003707 0.734179432009114
5981 0.6289043230062816 0.6849799079936929
6001 0.670786233007675 0.5914587300067069
6021 0.7010937250015559 0.9176952560083009
6041 0.6915900859894464 0.8333955690031871
6061 0.6987738520110724 0.737557474989444
6081 1.0329583769926103 0.8609952200058615
6101 0.8186667770060012 0.7695378370117396
6121 0.7510048359981738 0.6229409810039215
6141 0.7091329019895056 1.0630808739952045
6161 0.7238759989995742 0.6128287089959485
6181 0.782831154006999 0.7069609830068657
6201 0.7030985939927632 1.1600198249943787
6221 0.7704093120119069 0.794862971000839
6241 0.6310443789989222 0.9858318000042345
6261 0.7014894250023644 1.014889874990331
6281 0.6843785529927118 0.7392974859976675
6301 0.7024941480049165 0.8731085239996901
6321 0.7718404149927665 0.8663905620051082
6341 0.6854812880046666 0.6524578959943028
6361 0.7061569600045914 0.791380320006283
6381 0.8545624580001459 0.843226308003068
6401 0.7004750710038934 0.7955465300037758
6421 0.7524560780002503 0.7118448469991563
6441 0.714025307999691 0.9266509219887666
6461 0.7655338379991008 0.7429969359945972
6481 0.7829675349930767 0.7476676229998702
6501 0.7869341629993869 0.8019528769946191
6521 0.827645144003327 0.6674044539977331
6541 0.8072536029940238 0.8059672560048057
6561 0.720656538993353 0.7305155920039397
6581 0.7756940819963347 0.5142678859992884
6601 0.736593346009613 0.8921226290112827
6621 0.75270868599182 0.9954561779886717
6641 0.7628778079961194 0.7940916490042582
6661 0.6968176709924592 0.9296716200042283
6681 0.8348006750020431 0.6606022649939405
6701 0.7337101920129498 0.7931407919968478
6721 0.7814658309944207 0.6748165239987429
6741 0.7285723979875911 0.8115041649871273
6761 0.7109304519981379 0.8539748479961418
6781 0.6998543919908116 1.0071255009970628
6801 0.7131735159928212 0.8126035690074787
6821 0.7036044730048161 1.1900959650083678
6841 0.7447393879992887 1.198137865998433
6861 0.706797364007798 1.1284862200118368
6881 0.7586834200046724 0.7183871129964245
6901 0.7000218629982555 0.9505434560123831
6921 0.7104095329996198 1.0488043290097266
6941 0.7871656290080864 0.8447779729904141
6961 0.7462585519970162 0.7676356110023335
6981 0.8248913590068696 0.7369829450035468
7001 0.7946395729959477 1.0221978280023905
7021 0.8119807219918584 0.9559372320072725
7041 0.8106172420084476 0.9860224069998367
7061 0.828642877007951 1.050562862001243
7081 0.8267513669998152 1.2224740300007397
7101 0.7692672739940463 0.9290171169996029
7121 0.833679673000006 0.8328475759917637
7141 0.7514961470005801 0.9655512180033838
7161 0.6517672249901807 0.9847564719966613
7181 0.8702237600082299 0.7526126360025955
7201 0.8086412970005767 0.871362642996246
7221 0.8305244229995878 0.9002574730111519
7241 0.8816745730000548 1.0477528060000623
7261 0.8324450509971939 0.9850225150003098
7281 0.8749337670014938 0.9717150430078618
7301 0.8690511479944689 0.8672765669907676
7321 0.7585496169922408 0.9870055979990866
7341 0.7499817589996383 0.9674322939972626
7361 0.771262433991069 0.9112668369925814
7381 0.8825593060028041 1.1590905860066414
7401 0.7959822480042931 1.0461933460028376
7421 0.849747523010592 0.8256670120026683
7441 0.8008429149922449 0.832194109010743
7461 0.7602089940046426 0.8836407500057248
7481 0.7980368080025073 1.1997598229936557
7501 0.8147774649987696 0.8423574549960904
7521 0.7898037359991577 1.0579944259952754
7541 0.7981410110078286 0.9894774309941567
7561 0.8382037809933536 1.0111456369922962
7581 0.8244275150063913 1.2211193969997112
7601 0.7761244629946304 1.056346368000959
7621 0.7423187020031037 1.090793631010456
7641 0.8524584039987531 1.3195499949943041
7661 0.904930181990494 0.9072308679897105
7681 0.8163518559886143 1.124236771996948
7701 0.810600508004427 1.0035339419991942
7721 0.8670719700021436 1.0885552980034845
7741 0.7652221349999309 1.045457393003744
7761 0.8664029539941112 1.0451281919959001
7781 0.8801344910025364 1.1162424519861815
7801 0.7773454910056898 1.021498886999325
7821 0.8030414230015595 1.2426466650067596
7841 0.8019430989952525 0.7934812320017954
7861 0.8885768830077723 0.6119340859877411
7881 0.8465494770061923 1.0413931890070671
7901 0.8237180430005537 0.8264258150011301
7921 0.8322024210065138 1.0316551290015923
7941 0.8358390240027802 0.990839373000199
7961 0.7877637789933942 1.3245147359994007
7981 0.7772231220005779 0.9653539719874971
8001 0.8596721770009026 1.1354650110006332
8021 0.9732992560020648 0.9203000179986702
8041 0.7616822749987477 0.9768517810007324
8061 0.8380172180040972 1.2248151600069832
8081 0.7725234419922344 0.8904971900046803
8101 0.8638402630022028 0.9756816510052886
8121 0.968180557989399 1.1408281839976553
8141 0.8461093280056957 1.037553422007477
8161 0.8276127459976124 1.2925780649966327
8181 0.738062660995638 0.9616498940013116
8201 0.8658671570010483 1.1633303909911774
8221 0.9091062149964273 0.967163064997294
8241 0.7866071960015688 0.9079824249929516
8261 0.7344073040003423 0.9698163120046956
8281 0.8740569540095748 0.9899845950130839
8301 0.8170101389987394 1.2671907999902032
8321 0.8810115899977973 1.6162189860042417
8341 0.9532376330025727 1.0355139059975045
8361 0.8484322629956296 1.3384353629953694
8381 0.890938249998726 1.3667230999999447
8401 0.811694759002421 1.0711124900117284
8421 0.9164067170058843 1.0514809279993642
8441 0.8646428289939649 1.2377697769989027
8461 0.7967235510004684 1.0009267370041925
8481 0.841362138002296 0.8217725129943574
8501 0.8236323500022991 1.4083606749918545
8521 0.916172101002303 1.3120326329953969
8541 0.8664425419992767 1.3044629540090682
8561 0.8065880140056834 1.3256554990075529
8581 0.7837754789943574 1.0701418509997893
8601 0.8386927760002436 0.9718110440007877
8621 0.7934552509977948 0.8495450010086643
8641 0.9423725579981692 1.0345150950015523
8661 0.8904485840030247 0.864453346002847
8681 0.7861278040072648 1.3142075320065487
8701 0.8684435239993036 1.2042656349949539
8721 0.7829967989964643 0.926482358991052
8741 0.9735200569994049 1.2654522210068535
8761 0.9369262140098726 0.9970625179994386
8781 0.9227483150025364 0.8446065520111006
8801 0.8902370980067644 1.26026295000338
8821 0.829355284004123 1.065570796999964
8841 0.8879000339948107 1.0970041969994782
8861 0.8390912670001853 1.340291526998044
8881 1.0230664589907974 1.391659510001773
8901 0.7667519279930275 1.6741288839984918
8921 0.7990814730001148 1.145537799995509
8941 0.8770782289939234 1.3582488590036519
8961 0.9922320219920948 1.6939883919985732
8981 0.8785210780042689 1.0784734509943519
9001 0.9652885780087672 1.066180985988467
9021 0.79482604500663 1.3758320810011355
9041 0.8609061210008804 1.7198714969999855
9061 0.8433065159915714 1.2986467669979902
9081 1.205054547986947 1.128594220004743
9101 0.88924470198981 1.1119214339996688
9121 0.8718817519984441 1.1585822280030698
9141 0.9695224249880994 1.4462299339938909
9161 0.9151314619957702 1.4755454110127175
9181 0.8750106989900814 0.9629535849962849
9201 1.0301936009927886 1.0448620800016215
9221 0.9418380799907027 0.9698835909948684
9241 1.0219242710008984 1.05863736300671
9261 0.9229158209927846 1.2943153859960148
9281 0.7809698710043449 1.2210727380006574
9301 0.8502786949975416 1.097409868001705
9321 0.9423089859919855 0.9070118380041094
9341 0.9460286569956224 1.0406361969944555
9361 0.919648741997662 1.114276771011646
9381 0.899222500011092 1.1462015560100554
9401 0.9060333090019412 1.394152277003741
9421 0.9511504810070619 1.0207153239898616
9441 0.8876868969964562 1.1499528819986153
9461 1.0739059510087827 1.5005061050032964
9481 0.8933357679925393 1.0528193240024848
9501 0.9591361849888926 1.3622826479986543
9521 1.1421257629990578 1.2049294929893222
9541 1.0578015710052568 1.2496659650059883
9561 0.9346645619953051 1.2073876499925973
9581 0.8324150660046143 1.1219530389935244
9601 0.9765320160076953 1.6373401710006874
9621 0.9362222170020686 0.9740374449902447
9641 0.9648204050026834 1.8671385260095121
9661 0.8968812899984187 1.0641522539954167
9681 0.9332327759912005 0.9949156390066491
9701 0.9915436830051476 1.2264136800076813
9721 0.978096931008622 1.5826860089873662
9741 0.8713042879971908 1.4852484619914321
9761 1.1579342759941937 1.6827042090008035
9781 1.0926878989994293 1.2139637580112321
9801 0.866460613993695 0.894098994001979
9821 0.9098384969984181 1.4510034400009317
9841 0.9293175159982638 1.2485214059997816
9861 1.0252716719987802 1.125008186994819
9881 0.8969035750051262 1.2047423269978026
9901 0.927248475010856 0.8442047589924186
9921 0.9779531259991927 1.138433771993732
9941 0.937059110001428 1.550162822008133
9961 0.9871827009919798 1.3314199529995676
9981 1.0280718029971467 1.110329178001848
