1 0.00076123999315314 0.000193367013707757
101 0.06552708000526763 0.029280540999025106
201 0.1072984769998584 0.05629704399325419
301 0.14167260800604708 0.10183588700601831
401 0.16591094399336725 0.12295836799603421
501 0.1769762400072068 0.15534297500562388
601 0.2803115720016649 0.12164867800311185
701 0.2578308149968507 0.13511522801127285
801 0.2744800299988128 0.17541239700221922
901 0.2767733670043526 0.15946915099630132
1001 0.270675477993791 0.1749682359950384
1101 0.27437651201034896 0.20493119399179704
1201 0.3340858709998429 0.20658829300373327
1301 0.3020981300069252 0.21046831799321808
1401 0.4348453709972091 0.22833583600004204
1501 0.35235994899994694 0.28622597000503447
1601 0.3840338989975862 0.24801660400407854
1701 0.34547176999330986 0.27409277799597476
1801 0.35472026000206824 0.28105975600192323
1901 0.40189757601183373 0.3169645460002357
2001 0.4188831529900199 0.3060076409892645
2101 0.39872509898850694 0.31378153899277095
2201 0.39251592599612195 0.3326729379914468
2301 0.41127354199124966 0.34063546899415087
2401 0.4050070180092007 0.32386597599543165
2501 0.4167813640087843 0.32946448201255407
2601 0.43128981899644714 0.39775981700222474
2701 0.43453061500622425 0.42362339900864754
2801 0.4692083459958667 0.41461767299915664
2901 0.4246440869901562 0.3874667159980163
3001 0.53976334600884 0.37387604599643964
3101 0.494997649002471 0.4096227109985193
3201 0.5506786409969209 0.4532891830021981
3301 0.5673564589960733 0.566737272994942
3401 0.5371120870113373 0.4433947670040652
3501 0.5174981379968813 0.5727698169939686
3601 0.5522515189950354 0.4629210470011458
3701 0.6433888640021905 0.5092474609991768
3801 0.5584792250010651 0.6397065109922551
3901 0.5690558639907977 0.4737495220033452
4001 0.6116931089927675 0.590419465006562
4101 0.5298360260057962 0.6860623710090294
4201 0.6117041820107261 0.4985897180013126
4301 0.5833299100049771 0.6487608659954276
4401 0.5597357209917391 0.5962062220060034
4501 0.6540157309937058 0.5650442120095249
4601 0.725666906000697 0.6136449750047177
4701 0.7387516419985332 0.6090276549948612
4801 0.6069135019934038 0.5823372710001422
4901 0.673445278996951 0.4785421620035777
5001 0.6696805719984695 0.5021685609972337
5101 0.6654502210003557 0.5829744200018467
5201 0.6642419389972929 0.6567888930003392
5301 0.6705345849914011 0.7380149280070327
5401 0.7118921049986966 0.6383371030096896
5501 0.7114426159969298 0.7447610960080056
5601 0.7050795279938029 0.6977635779912816
5701 0.6791593569942052 0.6436095060053049
5801 0.6584678780054674 0.7214290580013767
5901 0.7124653009959729 0.7885804410034325
6001 0.7535620760027086 0.7891471460025059
6101 0.839154018991394 0.8365456879982958
6201 0.8737849460012512 0.8159828409989132
6301 0.7071706090064254 0.7738283880025847
6401 0.8536260059918277 0.9095470610045595
6501 0.651830400005565 0.8083888980036136
6601 0.7877835889958078 0.8715146780014038
6701 0.8618199409975205 0.8773206409969134
6801 0.8204046930040931 0.9942591919971164
6901 0.8169656560057774 0.9470792909996817
7001 0.8768697349878494 1.1443757499946514
7101 0.7668034439993789 0.7893168309965404
7201 0.8484612079919316 0.9821448169968789
7301 0.786260556007619 0.9160351949976757
7401 0.7970140100078424 0.9197879640123574
7501 0.8198056219989667 1.7120645179966232
7601 0.8594830030051526 1.4207530900021084
7701 0.8935462660010671 0.9343544379953528
7801 0.7726927689946024 1.028126966994023
7901 0.954428362994804 0.9613093880034285
8001 0.8290402940037893 1.2551739969931077
8101 0.9011776139959693 1.0325467520015081
8201 0.8550038139946992 1.2167666190071031
8301 0.7834763420105446 1.0362460040050792
8401 0.885847224999452 0.9782629449910019
8501 1.0022557769989362 1.2289464949863032
8601 0.9174795420112787 1.3329056820075493
8701 0.8922873020055704 1.2644763669959502
8801 1.0039000560063869 1.1996730969985947
8901 0.8999019119946752 1.2048652559897164
9001 0.9743591259903042 1.2020578110095812
9101 0.891599046997726 1.009246196001186
9201 0.9954264880070696 1.192772648006212
9301 0.9325627509970218 1.162592944005155
9401 1.0073997199942823 2.0485922140069306
9501 0.9669054109981516 1.3596368610014906
9601 1.3991556800028775 1.1191097879927838
9701 1.1523821949958801 1.0268414469901472
9801 1.0026782150089275 1.331556928998907
9901 1.0756050500058336 1.5115979209949728
10001 1.0120788200001698 2.011830033006845
10101 1.3395152000011876 1.4457216239970876
10201 1.055453873006627 1.0637032950035064
10301 1.1064512669981923 1.3705129839945585
10401 0.9518547179904999 1.8428358910023235
10501 1.0988580099947285 1.6968910370051162
10601 1.0474759410135448 2.045591570000397
10701 1.008515780995367 1.304744795008446
10801 1.209213619993534 1.734334064007271
10901 1.14597620999848 1.7857837089977693
11001 1.033056033993489 1.4102893480012426
11101 1.0476941359956982 1.8289393349987222
11201 1.1431809360074112 2.0240206910093548
11301 1.145273749003536 1.1046539950039005
11401 1.1755530389928026 1.505829829009599
11501 1.016731701005483 2.4012487559957663
11601 1.1228189680114156 1.7534873359982157
11701 1.1503829489956843 1.7916822130064247
11801 1.2174398570059566 2.992746931005968
11901 1.1253406110045034 1.4778966250014491
12001 1.2546845320030116 1.5215561140066711
12101 0.9951900720043341 1.606185329001164
12201 1.0726401269930648 2.3909805250004865
12301 1.303911918992526 1.4767463719908847
12401 1.4069056999869645 1.7540399879944744
12501 1.2369385839992901 1.8370480669982499
12601 1.194948143005604 1.8153007509972667
12701 1.1470207940001274 1.4773809970065486
12801 1.3777035800012527 1.170289835994481
12901 1.1755792909971206 2.69137695999234
13001 1.155481042995234 2.0290337420010474
13101 1.228672387995175 1.4937745529896347
13201 1.2145538889890304 2.042096457997104
13301 1.2315300879999995 2.2698462400003336
13401 1.2285003020078875 3.1034375879971776
13501 1.307716158000403 1.4593348759954097
13601 1.2906809739943128 1.265406720995088
13701 1.1877650009992067 2.0020480139937717
13801 1.1571775120100938 1.6184781049960293
13901 1.4784688600047957 1.5067026960023213
14001 1.2039042340038577 2.425262755001313
14101 1.216435840993654 1.886782729998231
14201 1.2377356390061323 2.2578894550097175
14301 1.3552927209966583 1.7660718989936868
14401 1.2251614190026885 2.5262841600051615
14501 1.2250935760093853 2.6242680350114824
14601 1.3566832230135333 2.2216555190098006
14701 1.1900289649929618 3.316804606001824
14801 1.329894925991539 1.7817548750026617
14901 1.494109015999129 2.826504702999955
15001 1.3026212289987598 2.0434106280008564
15101 1.4153590139903827 2.6257466770039173
15201 1.368084572997759 2.5472554529987974
15301 1.334251531996415 2.268571622989839
15401 1.58064503899368 2.5545424120064126
15501 1.465590848994907 1.5185583689890336
15601 1.295929612009786 1.9953304719965672
15701 1.421472112997435 2.93249719600135
15801 1.4647592399996938 2.7340811760077486
15901 1.552527737992932 2.4121046169893816
16001 1.4213358239940135 2.7533945699979085
16101 1.5226303649978945 1.9227544359891908
16201 1.3789525750034954 2.170593654998811
16301 1.4862092749972362 2.3799863180029206
16401 1.503073242987739 2.102790773002198
16501 1.3031012559949886 4.334023944000364
16601 1.4914240329962922 2.241181236007833
16701 1.7219383909978205 1.6538824119925266
16801 1.4157812990015373 3.6977852930140216
16901 1.3965544590028003 1.8977811170043424
17001 1.4176509889948647 3.4260607629985316
17101 1.510366491987952 2.7796287139935885
17201 1.4070762560004368 2.609884272009367
17301 1.5678042989893584 3.6040674669930013
17401 1.3525794919987675 4.165923502994701
17501 1.425277466987609 2.693262366010458
17601 1.4334815809997963 2.844011771012447
17701 1.3692680539970752 3.660145971996826
17801 1.6418514940014575 2.9065270729915937
17901 1.49544008000521 2.3535296889895108
18001 1.3905470720055746 3.1114023000118323
18101 1.4886639359901892 3.5516986119910143
18201 1.477515417005634 2.2711181240010774
18301 1.4739694519957993 3.983615662000375
18401 1.6077429069991922 5.331443393006339
18501 1.3060353159962688 2.751589816994965
18601 1.3112203370110365 3.9237105200008955
18701 1.739888765005162 3.157369816006394
18801 1.5036219870089553 2.628400084999157
18901 1.5587750879931264 3.427564783996786
19001 1.6836078019987326 2.712854454002809
19101 1.6569087270036107 3.4873317919991678
19201 1.5570120129996212 3.8962992099986877
19301 1.75295293200179 4.3608897300000535
19401 1.633778824005276 2.536122236997471
19501 1.795618378004292 4.499339777001296
19601 1.7090246910083806 3.607299896000768
19701 1.737204388002283 3.1903732279897667
19801 1.703958951999084 3.791756792998058
19901 1.6983252060017549 4.86289469798794
20001 1.5893169479968492 2.4264036000095075
20101 1.5948795740114292 2.7150940030114725
20201 1.6850182130001485 4.092209918992012
20301 2.8066884930012748 5.964452398009598
20401 1.5254092190007214 2.8849577109940583
20501 1.8286206670018146 3.306867424005759
20601 1.9011459320026916 4.621519341002568
20701 2.074101395002799 3.4871963709883858
20801 1.8447370810026769 2.76486918599403
20901 1.837362778998795 4.127755253997748
21001 1.7112719559954712 4.417529304992058
21101 1.6502732509979978 3.5357400459906785
21201 1.7395177349972073 2.951619647006737
21301 1.9129438060044777 3.2550329090008745
21401 1.7969846970081562 3.668870989989955
21501 1.8937426720076473 5.165914312994573
21601 1.7826487819984322 3.616892486010329
21701 1.6767717439943226 4.531833282992011
21801 1.7495693439996103 3.931895322006312
21901 1.6638126900070347 7.007776707003359
22001 1.7220577349944506 4.0667866059957305
22101 1.8746362579986453 3.8749817359930603
22201 1.8642364609986544 3.1684942790016066
22301 1.8469945089891553 4.244935647002421
22401 1.651466523995623 5.478167976005352
22501 1.8430657290009549 5.778617411997402
22601 1.7380962489987724 4.110134426999139
22701 1.7896598410006845 3.953726298001129
22801 1.8266199049976422 4.973729856006685
22901 1.9349573440122185 5.510605572009808
23001 1.8195021069986979 2.925946308008861
23101 2.363522990999627 4.100411571009317
23201 1.9947982599987881 4.2991435560106765
23301 1.7921882340015145 6.03649143500661
23401 2.0252896470046835 6.606407613988267
23501 1.8523439709970262 4.388323926992598
23601 1.9064139719994273 3.623144517012406
23701 2.000079261008068 3.5981817940046312
23801 1.9615193990030093 8.030809288000455
23901 1.9436083370092092 3.4300695880083367
24001 1.9401361079944763 4.301070817993605
24101 1.9340525739971781 3.6333491270052036
24201 1.9381130609981483 8.008842656010529
24301 2.123695824004244 5.043319782009348
24401 1.8898144159902586 4.982575936999638
24501 1.9921946760005085 6.275670948991319
24601 2.289481956991949 2.5389435590041103
24701 2.193609102992923 3.183974886997021
24801 2.0418923140096013 6.655127370991977
24901 2.072233476996189 7.894524728995748
25001 1.8116223400138551 4.586253950998071
25101 2.116303444010555 6.444593029998941
25201 2.2267662179947365 3.8736870670109056
25301 1.7958979649993125 6.136752368998714
25401 2.2891669959935825 5.217298275994835
25501 2.0080784799938556 4.682248876008089
25601 2.184913195000263 4.953207582992036
25701 1.9046197960124118 10.820900357997743
25801 1.98412146201008 6.2019943880004575
25901 2.141230107998126 5.660479148005834
26001 2.1198469439987093 4.109533795999596
26101 2.0891386719886214 5.910649994999403
26201 2.3354441029950976 5.8745661830034805
26301 1.9968226790078916 4.099681976993452
26401 2.0065323910093866 4.940443635001429
26501 2.016421737993369 4.358930584989139
26601 1.9594808900001226 6.895728251998662
26701 2.527978105994407 6.605870359999244
26801 2.005319572999724 8.075294977010344
26901 2.249414481993881 6.15118132099451
27001 2.1643626379955094 4.620805395999923
27101 2.1896039199928055 5.550239213000168
27201 2.2095399819954764 4.306594100999064
27301 2.1873179779940983 6.24164082299103
27401 2.11095145100262 9.552470882990747
27501 2.166261181992013 3.3541084799944656
27601 2.264832943008514 5.722208592997049
27701 2.292598658998031 7.826324677997036
27801 2.2202316659968346 5.754107756991289
27901 2.380924019991653 9.521976487987558
28001 2.2668895319948206 8.23787624000397
28101 2.343016767001245 4.61077050199674
28201 2.168690525999409 4.665512024992495
28301 2.2874347049946664 6.10835123200377
28401 2.470665557993925 6.341177512003924
28501 2.1805169379949803 6.988187574999756
28601 2.0857652300037444 5.666651842999272
28701 2.5187755470105913 3.532484466995811
28801 2.429106932002469 5.042329042000347
28901 2.4045607510051923 7.781766291009262
29001 2.3708019309997326 4.633420518002822
29101 2.3018880979943788 6.359449269002653
29201 2.3354716100002406 7.113452953999513
29301 2.25123910199909 6.222952971991617
29401 2.8664984589995584 4.056509021000238
29501 2.548177074000705 3.898870656004874
29601 2.1996723209886113 6.0117382269963855
29701 2.3034113540052203 10.40216894200421
29801 2.160276463997434 7.870395395992091
29901 2.4598579930025153 3.716928737005219
30001 2.195227859003353 9.108817069005454
30101 2.675758251003572 9.144203167990781
30201 2.4979842150059994 5.533829826992587
30301 2.3952470919903135 6.604845280991867
30401 2.6862311469885753 9.642747296995367
30501 2.9899039229931077 5.034402607998345
30601 2.5125273400044534 8.971429858007468
30701 2.308824359992286 4.0676947589963675
30801 2.6002352759969654 4.855851836997317
30901 2.622181154001737 6.3878835659998
31001 2.330545582008199 12.983638753008563
31101 2.590533675000188 4.791569196007913
31201 2.7356760230031796 5.641873393993592
31301 2.3811823920113966 4.4160762219980825
31401 2.324079773010453 9.24045193499478
31501 2.6976198369957274 5.481731969004613
31601 2.4286635519965785 9.4990453680075
31701 2.41677103699476 6.480289580998942
31801 2.42241499699594 8.090133023011731
31901 2.216074124997249 6.581568964000326
32001 2.2915852879959857 11.36305255901243
32101 2.294890958990436 10.501368109995383
32201 2.4826602569955867 5.7661619979917305
32301 2.2988327459897846 5.038534938998055
32401 2.823842085999786 8.4663596249884
32501 2.5088448520109523 13.66248519301007
32601 2.5692577390000224 6.0287834469927475
32701 2.499508088993025 7.237982031001593
32801 2.745882678005728 4.315697454003384
32901 2.4429687190131517 9.168378557995311
33001 3.0632584510021843 10.121773335995385
33101 2.629358307996881 7.467912278007134
33201 2.656816565999179 13.814341699995566
33301 3.527170172004844 5.1593226660043
33401 3.3130740909982705 7.616533653999795
33501 2.990352986002108 8.83919589400466
33601 2.963945137002156 8.308081118011614
33701 3.21966963999148 8.003689231001772
33801 2.788902408996364 8.78776947800361
33901 2.6784967269923072 12.134680819988716
34001 2.8155293140007416 9.492742429996724
34101 2.622936308005592 6.241141227001208
34201 2.8341334110009484 8.076486642006785
34301 2.443978954004706 16.965458263992332
34401 2.6620617910084547 9.646894010002143
34501 2.578479663003236 11.494004364998545
34601 2.6945988119987305 6.621691413994995
34701 2.8341613530064933 12.320948446998955
34801 2.60825684700103 11.172171726997476
34901 2.8972832529980224 7.309803223004565
35001 2.6892606999899726 12.034949266002513
35101 2.695397844989202 9.498581973006367
35201 2.667872261008597 12.180592924996745
35301 2.7521825579897268 5.6035467670008074
35401 2.460162103991024 13.927954299011617
35501 2.9480388030060567 14.540110008994816
35601 2.6662085429998115 10.719229362002807
35701 2.7445064439962152 11.86720366901136
35801 2.743205468999804 7.498557894999976
35901 2.7833430019964 5.994754881001427
36001 2.725479311993695 7.794596064995858
36101 2.8230044719966827 9.297132981999312
36201 2.7611296700051753 6.431248909007991
36301 2.7262988800066523 9.938887062002323
36401 2.6464870610070648 9.518523548002122
36501 3.1870229240012122 9.719951552004204
36601 2.781964448004146 10.912425333008287
36701 2.597334199002944 6.068327337008668
36801 2.955527850994258 10.380201975000091
36901 3.113062906995765 6.9790476959897205
37001 2.450164670997765 14.741052804005449
37101 3.043185100003029 8.369436751003377
37201 3.027858829998877 6.252522178998333
37301 2.7394161429983797 11.883582292008214
37401 2.860188544000266 12.902713093004422
37501 2.7252055580029264 14.720381335995626
37601 2.8220955669967225 5.706704411000828
37701 2.697206537995953 11.588189004993183
37801 2.6651734250044683 8.062748605996603
37901 3.2320801879977807 15.482265176004148
38001 2.7605682099965634 9.9607216949953
38101 3.181188998001744 15.600335161012481
38201 2.6856958009884693 15.258233673986979
38301 3.1909380230063107 13.514446891989792
38401 2.8770239829900675 11.530278606005595
38501 2.9793384770018747 7.449317595004686
38601 2.8991904050053563 13.40990330700879
38701 3.1164798489917303 11.536600867999368
38801 3.0243822970078327 12.853291847000946
38901 3.801083908008877 7.704938862007111
39001 2.8410939869936556 12.421148323002853
39101 3.216073421994224 14.860612481003045
39201 3.4992815459991107 9.453952629992273
39301 3.1367293759976747 17.535948508011643
39401 2.9453287689975696 9.818386280006962
39501 3.1725780429987935 16.460674507994554
39601 3.0960019280028064 11.289435069993488
39701 3.291603228004533 17.227660254007787
39801 3.526465492992429 8.815977029007627
39901 3.2767627610010095 8.61019982599828
40001 2.86527676100377 14.251809524997952
40101 2.8814517730061198 22.253680321999127
40201 2.967199785009143 10.432730061002076
40301 3.135756465999293 9.373653539994848
40401 3.2982556570059387 8.644215848995373
40501 3.1010524459998123 10.829693842009874
40601 3.2529169839981478 7.040329252995434
40701 3.24263143898861 8.737725500002853
40801 3.336587336991215 12.981949370005168
40901 2.9366930820106063 12.53282730099454
41001 2.9366949800023576 7.521247302007396
41101 2.977286893001292 22.136639402000583
41201 3.1598620360018685 14.209935909995693
41301 3.15356554799655 14.901187662006123
41401 3.0494365990016377 12.434262437993311
41501 2.9675005180033622 14.003315339999972
41601 3.5965003540040925 7.594979400004377
41701 2.991542802003096 11.897270973000559
41801 4.04699253400031 10.663605321999057
41901 3.387536376991193 15.428536887004157
42001 3.478173235998838 13.799384350990294
42101 3.156312874998548 15.168469419004396
42201 3.9281404499924975 16.613884880003752
42301 3.2509221829968737 8.891673417994753
42401 3.1767541989975143 14.10197160798998
42501 3.4358815719897393 6.490666875994066
42601 3.235175223002443 16.812062658005743
42701 3.6996677559945965 4.53636419599934
42801 3.34542037799838 6.003237676006393
42901 2.964805585987051 15.538204084004974
43001 3.418953918997431 13.896682599995984
43101 2.98022863001097 10.317993678996572
43201 3.0049690790037857 8.170213506993605
43301 3.0203901089989813 10.319896332992357
43401 3.580840889000683 12.581438638997497
43501 3.1046778349991655 11.54541149600118
43601 3.0316960210038815 16.647749151001335
43701 3.1043663279997418 13.758132301998558
43801 2.8995905839983607 6.405421878997004
43901 3.0496416300011333 18.311394400006975
44001 3.1246424350101734 16.22999323499971
44101 3.4022560860030353 10.735131055989768
44201 3.5450639280024916 21.147272036992945
44301 3.6781024200026877 16.727173731997027
44401 3.304384660994401 10.590517746997648
44501 3.3126763759937603 15.768359678986599
44601 3.1813838689995464 13.454432279002503
44701 3.3505709629971534 12.19093034499383
44801 3.3068078229989624 16.33861666699522
44901 3.6913068080029916 20.88005541000166
45001 3.3897642539959634 15.424666870996589
45101 3.366427508997731 20.042581073998008
45201 3.3436734239949146 16.112993791000918
45301 3.259965511999326 13.698874309004168
45401 3.5146039240062237 11.960419906012248
45501 3.5409027459973004 8.321227755994187
45601 3.620629450000706 20.473495265003294
45701 3.273491369007388 10.027038408996304
45801 3.5862634719960624 15.443886880995706
45901 4.200910847008345 13.075533064009505
46001 4.0862406870001 15.750541373010492
46101 3.341925797998556 27.345339755993336
46201 5.084785759987426 18.90110202199139
46301 6.805108069005655 25.017931890994078
46401 4.393537544005085 9.670978195994394
46501 3.7575903339893557 15.247797404997982
46601 3.4611261100071715 19.97835877799662
46701 3.3134944880002877 20.442616306012496
46801 4.305697734991554 12.843842706992291
46901 3.7721326440077974 26.003276862000348
47001 3.4320747579913586 30.331689579004887
47101 4.7052415819925955 18.897824745989055
47201 4.880602164994343 14.606840677995933
47301 3.81087942099839 20.0793764419941
47401 3.604511041994556 5.989981075996184
47501 3.8272688220022246 6.750014681994799
47601 3.9251331299892627 20.06489996399614
47701 3.9271111200068844 16.38488247799978
47801 4.382925008001621 21.218495132998214
47901 3.4728662370034726 20.369190688012168
48001 4.5690485240047565 20.041624359990237
48101 4.1761174719867995 14.338694578007562
48201 3.2946256549912505 18.37232143699657
48301 3.9635923890018603 16.909673579997616
48401 3.871250879004947 19.34680581500288
48501 3.949058791011339 15.810571741996682
48601 3.7930552110046847 11.738322891993448
48701 4.209815321999486 15.561137732001953
48801 3.519923298008507 26.448632123996504
48901 4.374982989989803 18.2359972520062
49001 4.182189667990315 14.789936543995282
49101 4.037748949005618 20.17804698800319
49201 4.069890486003715 14.271130835011718
49301 3.5981023169879336 24.71025624399772
49401 3.4877448299957905 27.697825520008337
49501 3.727440866001416 12.868047099007526
49601 3.9623749570018845 8.706962479001959
49701 3.9168756420112913 9.530370790991583
49801 3.365199544990901 12.27741656100261
49901 3.7786742550088093 12.418179679996683
