1 0.000811671998235397 0.0001958860011654906
21 0.012863874006143305 0.004926691995933652
41 0.04186817699519452 0.011978664006164763
61 0.03743845399731072 0.019363498999155127
81 0.042629083996871486 0.03470344500237843
101 0.0537822900005267 0.027517875001649372
121 0.06757737700536381 0.04005225300352322
141 0.06401762500172481 0.03576424600032624
161 0.0732819569966523 0.04470179199415725
181 0.07226949400501326 0.04257524599961471
201 0.08772784200118622 0.053362753002147656
221 0.08425746900320519 0.062067117003607564
241 0.09248894999473123 0.06139087000337895
261 0.08390391700231703 0.047498482002993114
281 0.1061945960027515 0.06700885300233494
301 0.1126969030010514 0.06864302299800329
321 0.09709939400636358 0.06490876300085802
341 0.09598831599578261 0.06972683800267987
361 0.09910621399467345 0.08652410400100052
381 0.12116547599725891 0.07324085299478611
401 0.12449068600108149 0.07760581700131297
421 0.10968852899532067 0.08092493600270245
441 0.11775056100304937 0.0803795829997398
461 0.1267644939944148 0.08218794999993406
481 0.1260626220027916 0.0941146339973784
501 0.12205366900161607 0.09302180100348778
521 0.13065023600211134 0.11111253400304122
541 0.1421561600000132 0.09711882499686908
561 0.14125935500487685 0.11095453199959593
581 0.13518679499975406 0.12396782999712741
601 0.14568032399984077 0.10492693199921632
621 0.15782374599803006 0.1339178569978685
641 0.14977295599965146 0.1406981230029487
661 0.15143272199929925 0.12360788699879777
681 0.14454835999640636 0.10415018499770667
701 0.14772899899980985 0.12963397899875417
721 0.1623676359959063 0.12191705500299577
741 0.15332222200231627 0.1280925050014048
761 0.17727284200373106 0.12515915400581434
781 0.16218825100077083 0.13740979399881326
801 0.16862126699561486 0.12702862999867648
821 0.1666721459987457 0.11816669999825535
841 0.16891125299298437 0.1369687540063751
861 0.1687430750025669 0.12581437299377285
881 0.18446113599929959 0.15451093599403976
901 0.165873477999412 0.14527175600233022
921 0.18491045299742837 0.1384872839989839
941 0.19504479200259084 0.1765343259976362
961 0.17650329999742098 0.12638655499904417
981 0.1946586429985473 0.15045569599897135
1001 0.19650091400399106 0.1784958110001753
1021 0.20536431499931496 0.16267641699960222
1041 0.2038892670025234 0.18359720700391335
1061 0.20380940900213318 0.3891345409938367
1081 0.20492651300446596 0.14287969200086081
1101 0.18993689800117863 0.19405649099644506
1121 0.2399094599968521 0.16951369600428734
1141 0.21199098900251556 0.22708513099496486
1161 0.20506071300042095 0.2063987760047894
1181 0.23404950399708468 0.21347004600102082
1201 0.20573285999853397 0.23705075700127054
1221 0.22151694799686084 0.2760140589962248
1241 0.199590114003513 0.18197451400192222
1261 0.22153389699815307 0.18967623700154945
1281 0.18501192199619254 0.24003046700090636
1301 0.21664667799632298 0.19035677800275153
1321 0.2249496700023883 0.26306014000147115
1341 0.2500132819986902 0.22265070399589604
1361 0.20269732199813006 0.23747308499878272
1381 0.2242022159989574 0.2217136949984706
1401 0.20205676900513936 0.20668264599953545
1421 0.23119936700095423 0.2570904179956415
1441 0.21117184399918187 0.2623973199952161
1461 0.18062073799956124 0.21320849099720363
1481 0.24099997700250242 0.26372030600032303
1501 0.24682784899778198 0.18409051899652695
1521 0.2639790710018133 0.19786683300480945
1541 0.2694050329955644 0.19957103799970355
1561 0.2390627510030754 0.3123392330016941
1581 0.2276721029993496 0.23754348100192146
1601 0.2345373619973543 0.26225420700211544
1621 0.23630779499944765 0.25192431699542794
1641 0.2637912639984279 0.2666110580030363
1661 0.24774376500135986 0.23535262599762063
1681 0.26059979400451994 0.2902072020006017
1701 0.29732866699487204 0.26589266800147016
1721 0.2497602689982159 0.26790004299982684
1741 0.2774688910067198 0.270715079997899
1761 0.245972825003264 0.3120576360015548
1781 0.24662666099902708 0.22869343400088837
1801 0.24550923499919008 0.23243269600061467
1821 0.22103598499961663 0.2047162080052658
1841 0.24802121500397334 0.25039034400106175
1861 0.25146814299660036 0.3105318140005693
1881 0.3053090839966899 0.2756720840043272
1901 0.25734919399837963 0.39484625199838774
1921 0.28399001700017834 0.29708996300178114
1941 0.2616626009985339 0.3195608070018352
1961 0.3250668609980494 0.4024383209980442
1981 0.24114415700023528 0.27041201600513887
2001 0.3158852400010801 0.25265224400209263
2021 0.25797207600408 0.23188461000245297
2041 0.24777362099848688 0.26310936100344406
2061 0.28120259300339967 0.24728125399997225
2081 0.2708126670040656 0.27459597699635196
2101 0.26518356800079346 0.2703051010030322
2121 0.29622529699554434 0.3041144910021103
2141 0.25881648100039456 0.3475804319969029
2161 0.27299247000337346 0.593447961997299
2181 0.2952558899996802 0.27405911800451577
2201 0.29860139100492233 0.35643658300250536
2221 0.2729021580016706 0.3236287239997182
2241 0.29738855399773456 0.3289399819987011
2261 0.3003825380001217 0.31421247999969637
2281 0.276441686997714 0.4420359860014287
2301 0.3486667960023624 0.349078676001227
2321 0.27608413900452433 0.5309376329969382
2341 0.3032808979987749 0.39865468500647694
2361 0.31778892000147607 0.3945028230009484
2381 0.24681009499909123 0.3329122140057734
2401 0.3361079550013528 0.4024073070031591
2421 0.2994886729939026 0.2847146740023163
2441 0.27818804900016403 0.3925337890032097
2461 0.3333108560036635 0.3507419080051477
2481 0.30777534100343473 0.5012021849979647
2501 0.34731087499676505 0.3093791080027586
2521 0.3847635439960868 0.31905928899504943
2541 0.3254703659986262 0.4010419449987239
2561 0.32179904600343434 0.4987089230053243
2581 0.3078450109969708 0.5020614820023184
2601 0.32047380699805217 0.36828456899820594
2621 0.2980375780025497 0.5481198669949663
2641 0.3100718310015509 0.4362096440017922
2661 0.2873256590028177 0.4906232729990734
2681 0.3196786129992688 0.38664675199834164
2701 0.27826966399879893 0.5152344259986421
2721 0.341480634000618 0.44069926999509335
2741 0.3582070019983803 0.550783031998435
2761 0.36279925599956186 0.8139469680027105
2781 0.30244329299603123 0.32908327999757603
2801 0.3029296069944394 0.4543107739955303
2821 0.35932146999402903 0.39611527300439775
2841 0.3275516189969494 0.5502326470013941
2861 0.3236169099982362 0.518052899002214
2881 0.33053796800231794 0.36327434000122594
2901 0.3340750900024432 0.4936367310001515
2921 0.325287774001481 0.6563592849997804
2941 0.3777719249992515 0.8244460179994348
2961 0.30284551800286863 0.32815492100053234
2981 0.34321486500266474 0.5513518630032195
3001 0.4177453750016866 0.6409755450004013
3021 0.3669729510002071 0.4853965930014965
3041 0.3788905069959583 0.7576497750051203
3061 0.3081233449993306 0.6062162839953089
3081 0.3416247939967434 0.42760230300336843
3101 0.34320639799989294 0.4796943109977292
3121 0.40987199200026225 0.3526954949993524
3141 0.37577651500032516 0.5289062100055162
3161 0.34694847000355367 0.4347525909979595
3181 0.4327467089970014 0.39796127299632644
3201 0.3607646059972467 0.8497420380008407
3221 0.31940411300456617 0.5575212209951133
3241 0.40143602500029374 0.6364043990033679
3261 0.32834969500254374 0.9900385389992152
3281 0.3719400219997624 0.5661509329947876
3301 0.8235548560041934 0.8202287879976211
3321 0.5399299960045028 1.002763441996649
3341 0.42768627400073456 1.1882668299949728
3361 0.5204320780030685 0.9092386060001445
3381 0.4182517419976648 0.622531381995941
3401 0.41431918300077086 1.128795109994826
3421 0.7225860890030162 0.6185283319937298
3441 0.3863606710001477 1.0821408010015148
3461 0.37595600799977547 1.0889545890022418
3481 0.4312681969968253 0.8643100869958289
3501 0.6533183480059961 0.8291627609942225
3521 0.423907231001067 0.5911998149967985
3541 0.6078365410066908 0.6532570670024143
3561 0.5383460279990686 1.343170766995172
3581 0.45284234399878187 1.227321252998081
3601 0.386615798001003 0.5117689559992868
3621 0.4149104919997626 0.6351422150037251
3641 0.36724912199861137 0.7008155430012266
3661 0.36925041399808833 0.5682122749931295
3681 0.3846984460033127 0.8900613890000386
3701 0.32243769399792654 0.9788474700035295
3721 0.4038856550032506 0.6486677979992237
3741 0.43055335499957437 0.6430345910048345
3761 0.4285037139998167 1.3121747479963233
3781 0.4175754899988533 0.9295669959974475
3801 0.37306861000251956 0.4905266749992734
3821 0.360976286996447 0.40605620499991346
3841 0.38985733700246783 0.6006023149966495
3861 0.4138663799967617 0.7950642630021321
3881 0.4115355020039715 0.70202015000541
3901 0.3999009860053775 0.47678954699949827
3921 0.4055706749932142 0.5254514189946349
3941 0.45729582300555194 1.064544422995823
3961 0.33027722100086976 0.6026719779983978
3981 0.4069119280029554 0.9120057339969208
4001 0.3745993830016232 0.3734156660066219
4021 0.4031516529939836 0.5323216909964685
4041 0.3843965539999772 0.5610779760027071
4061 0.52223290099937 0.7933403100032592
4081 0.3947802730035619 0.7345535869972082
4101 0.34724995299620787 0.6784307359994273
4121 0.3801953939982923 0.5566043040016666
4141 0.40565468100248836 0.5028327340041869
4161 0.5061855210005888 0.6914050780032994
4181 0.4369291590046487 0.8943969989995821
4201 0.3546014770035981 0.548169362002227
4221 0.3910889880062314 0.7129512530009379
4241 0.3778748059994541 0.7350933970010374
4261 0.4651661120005883 0.6931307730046683
4281 0.4809582650050288 0.5596482769979048
4301 0.394356456999958 0.8115054950030753
4321 0.38523187700047856 1.3821655830033706
4341 0.4172738099950948 0.6561114490032196
4361 0.3959116650003125 0.9210836400015978
4381 0.4407600749982521 0.9194259470023098
4401 0.43505583600199316 0.7064948440020089
4421 0.3982503639999777 0.902742976002628
4441 0.4189272239964339 0.7226972849966842
4461 0.4651997870023479 0.8679956630003289
4481 0.3900404400046682 0.8608827189964359
4501 0.41405717699672095 1.026283216997399
4521 0.38117157200031215 0.5653033600028721
4541 0.4688491239940049 1.0212507890028064
4561 0.49089444899436785 0.7411581880005542
4581 0.45367333199828863 0.6334019479982089
4601 0.41559571800462436 1.1491641870015883
4621 0.4698693419995834 0.8059881709996262
4641 0.39154935399710666 0.6930048950016499
4661 0.45521791800274514 0.7115079360009986
4681 0.47990320499957306 0.5899095330023556
4701 0.3916948650003178 0.7597789700012072
4721 0.5375791730039055 0.908023559000867
4741 0.427005759003805 1.0788326370020513
4761 0.4032631680020131 0.8859148339979583
4781 0.46655747100157896 1.233778355002869
4801 0.4636437619992648 0.9448880240015569
4821 0.3969875450056861 0.5601637329964433
4841 0.473052278997784 0.5322259470049175
4861 0.42664677999709966 1.655147579003824
4881 0.5070865680027055 1.1888275889941724
4901 0.4349265970013221 0.8521630269970046
4921 0.42522373300016625 0.7532248139978037
4941 0.35948112799815135 0.9231108409949229
4961 0.46980300200084457 1.0326907190028578
4981 0.43256997300341027 0.6861338470043847
5001 0.46831642300094245 1.9961058500048239
5021 0.4114276889959001 1.3862845179974101
5041 0.4898969939968083 0.845133843999065
5061 0.4672450049984036 0.6119657439994626
5081 0.5976818519993685 1.328329809999559
5101 0.9031610240053851 1.7694259109994164
5121 0.4661138719966402 0.6820163939992199
5141 0.4681027000042377 1.0498051019967534
5161 0.7161959320001188 0.7702022169978591
5181 0.52720336800121 1.0802652450001915
5201 0.5216627859990695 0.4638642029967741
5221 0.5196034900000086 1.4726684010020108
5241 0.444779853001819 1.0948925560005591
5261 0.5386461169982795 1.0822345889973803
5281 0.43546094599878415 1.4327048640043358
5301 0.5521866470007808 1.0997090060045593
5321 0.4427841289943899 1.3407754579966422
5341 0.5593167219994939 1.5955785909973201
5361 0.44671681800537044 1.3901912900037132
5381 0.49305647200526437 0.9782004360022256
5401 0.45269882999855326 1.172709220998513
5421 0.5363166489987634 0.7791215420002118
5441 0.49067713099793764 1.1385158589982893
5461 0.5430338669975754 0.8678448460050276
5481 0.5472143599981791 0.6023253459934494
5501 0.47461217700038105 1.2567914760002168
5521 0.4904646299983142 1.665294960999745
5541 0.53489412899944 1.23481476699817
5561 0.5056972429956659 1.4085290649964008
5581 0.5899170260017854 0.8263912789989263
5601 0.46495496799616376 0.9334037860026001
5621 0.4805885989990202 0.7781554510002024
5641 0.4740163539972855 0.7940058500025771
5661 0.4576239380039624 1.3102715679997345
5681 0.5958435110005667 0.5553548850002699
5701 0.5098306720028631 0.8544975279946811
5721 0.4708610040033818 0.6881139429970062
5741 0.5112989069966716 0.7796511729975464
5761 0.7893483849984477 1.715403485999559
5781 0.5457065980008338 2.0599211340013426
5801 0.5591051650044392 1.1900885100039886
5821 0.5506156880001072 1.8516617410059553
5841 0.5093388720051735 1.5427180560000124
5861 0.5376718219995382 1.0382077230024152
5881 0.6515279019949958 0.8616408949965262
5901 0.5515816569968592 0.9346575310046319
5921 0.5475767899988568 1.2444638930028304
5941 0.5026506520007388 2.0491970750008477
5961 0.5283730299997842 1.5672088360006455
5981 0.6517550110002048 1.3318160080016241
6001 0.5979324360014289 1.766721754000173
6021 0.49229816799925175 2.4568346880041645
6041 0.5644242299968028 0.6558667569988756
6061 0.4873540540065733 1.4908543939964147
6081 0.5715087319986196 1.6232522069985862
6101 0.6084110560041154 1.1712564889967325
6121 0.6061240339986398 2.6775425270025153
6141 1.0779351340024732 2.057226245997299
6161 0.7529628250049427 1.5382515160017647
6181 0.5932723239966435 1.427161405001243
6201 0.5450526870044996 1.4223928920036997
6221 0.5899491349991877 1.0195660190001945
6241 0.5900421679980354 0.701133580005262
6261 0.6093608959999983 1.5379899779945845
6281 0.58279076499457 1.6060259160003625
6301 0.7513409329985734 1.7715145280017168
6321 0.6198595189998741 1.6751727829978336
6341 0.6245213450019946 1.9605888560035964
6361 0.6576843399961945 1.325562597005046
6381 0.6497151889998349 2.439615231996868
6401 0.5887680750020081 1.0669660819985438
6421 0.7139610829981393 1.5225546729998314
6441 0.5176098089941661 2.472031519006123
6461 0.5880390149977757 2.2971595160051947
6481 0.5575685799994972 0.8949856999970507
6501 0.5312685659955605 1.8250522189991898
6521 0.5762138310019509 2.9543945219993475
6541 0.6305365070002154 1.5495663109977613
6561 0.753374169995368 2.0955438730015885
6581 0.5587912949995371 1.2569729149981868
6601 0.7365898009957164 0.7793086520032375
6621 0.7206450269950437 2.3204338520008605
6641 0.6574771260056878 2.2006369459995767
6661 0.5830368910028483 1.0303951259993482
6681 0.7925260019983398 2.1073912530046073
6701 0.7606899020029232 2.0074858109946945
6721 0.5829516839949065 1.6580878579989076
6741 0.5234725899936166 1.5398874270031229
6761 0.6359310949992505 1.1723269619978964
6781 0.6400742120022187 1.9152804179975647
6801 0.5533573430002434 2.2845420249941526
6821 0.8837208339973586 2.1281776589967194
6841 0.6289839439996285 1.3406320590001997
6861 0.5294669619979686 1.3063806999998633
6881 0.6306390949976048 0.851152520001051
6901 0.8741521840056521 1.5728092240024125
6921 0.7497030200029258 1.081952675995126
6941 0.752909874994657 1.5749020139992354
6961 0.6066123359996709 2.249051868006063
6981 0.6129587800023728 1.4224183859987534
7001 0.6443334680006956 1.1779521569987992
7021 0.6039947110039066 2.4293986300035613
7041 0.5725265330038383 2.317272446998686
7061 0.5332808999955887 2.723527223999554
7081 0.5070096950003062 1.5716271220007911
7101 0.6271029039999121 1.3838561270022183
7121 0.5506940039995243 1.5389927369978977
7141 0.5473442770016845 2.3337331939983414
7161 0.6018378009976004 1.6308130380057264
7181 0.57706966400292 1.5414154050013167
7201 0.593120416997408 3.549067443003878
7221 0.6030609480003477 2.858435472000565
7241 0.6298649349992047 1.3471978859961382
7261 0.5709254809989943 1.559639364000759
7281 0.5564239119994454 1.3377762020027149
7301 0.6143709289972321 1.2186521490002633
7321 0.6179685579991201 1.674755672000174
7341 0.6427361989990459 0.7324657429999206
7361 0.6634211209966452 1.8503316839996842
7381 0.5500637459990685 1.7348356160000549
7401 0.7027569779966143 2.2945659329998307
7421 0.4979302949941484 2.775734866001585
7441 0.5996320359990932 2.3574984079969
7461 0.61561459099903 2.2250469779974082
7481 0.644666000000143 3.3617109780025203
7501 0.5938978369958932 3.8046506220052834
7521 0.5719197740036179 1.0448148729992681
7541 0.6454945930017857 1.046256806999736
7561 0.5168196980011999 2.6888807579962304
7581 0.5526433869963512 3.5233761910058092
7601 0.6307028960000025 1.3851758540040464
7621 0.6460216949999449 3.178573659999529
7641 0.6180745769961504 3.0986101669986965
7661 0.6751643000025069 1.5087829300027806
7681 0.7204554580021068 2.370934414997464
7701 0.7421433600029559 2.2553348260044004
7721 0.6300651839992497 1.2821103109963587
7741 0.5822936309996294 1.8827403399991454
7761 0.5903154410043499 2.709012346000236
7781 0.646198540001933 3.399857686003088
7801 0.7200631399973645 2.3673149759997614
7821 0.6111561509969761 2.2984326150035486
7841 0.7054112540063215 3.950380406997283
7861 0.6458552999974927 2.0451296719984384
7881 0.7415126310006599 2.8742153290004353
7901 0.5377244700066512 2.73117996599467
7921 0.698742273998505 2.019738060000236
7941 0.6613280070014298 1.094236754004669
7961 0.6394169220002368 1.8297535809979308
7981 0.7234351139995852 3.1504134880015044
8001 0.6502805939962855 0.778781610999431
8021 0.6541108989986242 2.2027045369977714
8041 0.5578045490037766 2.0963381599940476
8061 0.7676357989985263 2.325391277001472
8081 0.7850330059955013 1.0012061880042893
8101 0.8463212169954204 2.0858878680010093
8121 0.6325492399992072 0.893767742003547
8141 0.8459837830014294 3.511509925003338
8161 0.8832008620011038 2.0254127220032387
8181 0.634044669001014 2.078242150004371
8201 0.6926235409991932 2.6079970899954787
8221 0.674170229001902 1.7269272539997473
8241 0.7737747530045453 3.5677888979989802
8261 0.6524464109970722 1.9993839750022744
8281 0.5817931630008388 2.4837219109977013
8301 0.650077580998186 1.8114391959970817
8321 0.619961926000542 1.5085774170001969
8341 0.6859830380053609 2.1481506030031596
8361 0.7625936019976507 2.2081848020025063
8381 0.6976121730040177 1.6598453900005552
8401 0.5965409709970118 1.8326731959969038
8421 0.6743479649958317 2.691508985000837
8441 0.6701665699947625 3.474304800001846
8461 0.6860231289974763 3.2825631099985912
8481 0.8345175449940143 2.1858427519982797
8501 0.8546261589945061 1.1614191720000235
8521 0.6573747379952692 3.2647171090065967
8541 0.7356207569973776 1.590823338003247
8561 0.9002916419995017 2.5539488819995313
8581 0.8596052100037923 3.0478183230006834
8601 0.6719814879979822 4.144571952994738
8621 0.7700816819997272 2.7464879899998778
8641 0.6681732549986918 4.921087935996184
8661 0.639352254998812 1.7783324629999697
8681 0.6018309270002646 3.7749042629948235
8701 0.7384801860025618 2.8770325329969637
8721 0.6653102319978643 1.9787382369977422
8741 0.6604512039994006 4.491307624004548
8761 0.7153602429971215 2.1587575410012505
8781 0.9394574749967433 2.155449279001914
8801 0.6289172519973363 2.6867604880026192
8821 0.6202200659972732 2.4812260149992653
8841 0.881976847005717 5.43612416099495
8861 0.6960913130023982 0.9451841159971082
8881 0.8864006110015907 1.4415153399968403
8901 0.7246446670033038 1.6947685909981374
8921 0.7165468249950209 2.9762110029987525
8941 0.7218728730003932 4.176523258000088
8961 0.5997996689984575 1.6769366520020412
8981 0.6845652749980218 3.840524949999235
9001 0.6168177139988984 2.576132513997436
9021 0.7468944209977053 1.57419725300133
9041 0.7426617410019389 1.9926304430046002
9061 0.7438558049980202 3.5452047729995684
9081 0.7594498520047637 2.7426646960011567
9101 0.7032058729964774 3.8960120160045335
9121 0.627752385000349 2.9864843969990034
9141 0.6980143549953937 2.659994205998373
9161 0.6789559370008647 2.297596042000805
9181 0.662571596003545 2.771038522005256
9201 0.716721579003206 2.9463096039980883
9221 0.6830721169972094 1.6349150629976066
9241 0.7389377799991053 2.1785069559991825
9261 0.7897869360022014 3.2014554959969246
9281 0.755119763998664 2.7844553670001915
9301 0.7834220419972553 3.429411072000221
9321 0.7226187319974997 2.551510576995497
9341 0.867762824993406 3.4075950539991027
9361 0.6660147969960235 2.250604432003456
9381 0.6315529509956832 2.5387401139960275
9401 0.6954670369959786 1.4438319620021502
9421 0.7673415570025099 2.64276512300421
9441 0.8414759040024364 4.636147729004733
9461 0.6135037019994343 2.0329756979990634
9481 0.8238518959988141 2.7236796939978376
9501 0.7933909519997542 3.7137769350010785
9521 0.7114093500058516 3.149568540000473
9541 0.6990396499968483 2.1170812979980838
9561 0.8164172300021164 5.681782833002217
9581 0.7089475829998264 2.0334613800005172
9601 0.7144468020051136 4.582376026999555
9621 0.7393273330017109 3.7286390129957
9641 0.7622656439998536 1.9122096179999062
9661 0.6788949710025918 2.220058858001721
9681 0.6664349550046609 1.1594185249996372
9701 0.6361508279951522 3.5490951430037967
9721 0.8012289569960558 2.557684382998559
9741 0.8067694630008191 1.0007856279989937
9761 0.782399706004071 3.1356639610021375
9781 0.7316123450000305 4.017270563999773
9801 0.734900324998307 3.6162511709990213
9821 0.7818141219977406 3.830060763997608
9841 0.8685034250011086 3.199979944001825
9861 0.770863093996013 4.616472560999682
9881 0.781119432002015 2.506135149000329
9901 0.8161176760040689 2.258021216002817
9921 0.7755610620006337 2.7745275300039793
9941 0.8278646940016188 2.782712808002543
9961 0.8317832729953807 2.452256415002921
9981 0.6471533849980915 4.0748308609981905
